{"D:\\ДЗ_НЕТОЛОГИЯ\\JS_advansed\\HW_unit-test\\src\\js\\checkHealth.js": {"path":"D:\\ДЗ_НЕТОЛОГИЯ\\JS_advansed\\HW_unit-test\\src\\js\\checkHealth.js","statementMap":{"0":{"start":{"line":2,"column":22},"end":{"line":6,"column":5}},"1":{"start":{"line":7,"column":19},"end":{"line":7,"column":53}},"2":{"start":{"line":9,"column":4},"end":{"line":9,"column":116}},"3":{"start":{"line":9,"column":35},"end":{"line":9,"column":111}}},"fnMap":{"0":{"name":"getIndicator","decl":{"start":{"line":1,"column":24},"end":{"line":1,"column":36}},"loc":{"start":{"line":1,"column":43},"end":{"line":10,"column":1}},"line":1},"1":{"name":"(anonymous_1)","decl":{"start":{"line":9,"column":25},"end":{"line":9,"column":26}},"loc":{"start":{"line":9,"column":35},"end":{"line":9,"column":111}},"line":9}},"branchMap":{"0":{"loc":{"start":{"line":9,"column":35},"end":{"line":9,"column":111}},"type":"binary-expr","locations":[{"start":{"line":9,"column":35},"end":{"line":9,"column":71}},{"start":{"line":9,"column":75},"end":{"line":9,"column":111}}],"line":9}},"s":{"0":1,"1":1,"2":1,"3":3},"f":{"0":1,"1":3},"b":{"0":[3,3]},"_coverageSchema":"1a1c01bbd47fc00a2c39e90264f33305004495a9","hash":"e00bc02ff4dbb346a6dde09713e4a06728df3152"}
}
