{"D:\\ДЗ_НЕТОЛОГИЯ\\JS_advansed\\HW_unit-test\\src\\js\\checkHealth.js": {"path":"D:\\ДЗ_НЕТОЛОГИЯ\\JS_advansed\\HW_unit-test\\src\\js\\checkHealth.js","statementMap":{"0":{"start":{"line":2,"column":4},"end":{"line":4,"column":5}},"1":{"start":{"line":3,"column":6},"end":{"line":3,"column":23}},"2":{"start":{"line":5,"column":4},"end":{"line":7,"column":5}},"3":{"start":{"line":6,"column":6},"end":{"line":6,"column":22}},"4":{"start":{"line":8,"column":4},"end":{"line":8,"column":20}},"5":{"start":{"line":12,"column":4},"end":{"line":12,"column":27}},"6":{"start":{"line":16,"column":4},"end":{"line":16,"column":67}},"7":{"start":{"line":16,"column":35},"end":{"line":16,"column":65}}},"fnMap":{"0":{"name":"getHealth","decl":{"start":{"line":1,"column":9},"end":{"line":1,"column":18}},"loc":{"start":{"line":1,"column":29},"end":{"line":9,"column":3}},"line":1},"1":{"name":"getIndicator","decl":{"start":{"line":11,"column":16},"end":{"line":11,"column":28}},"loc":{"start":{"line":11,"column":35},"end":{"line":13,"column":1}},"line":11},"2":{"name":"sortHeroesForhealth","decl":{"start":{"line":15,"column":16},"end":{"line":15,"column":35}},"loc":{"start":{"line":15,"column":44},"end":{"line":17,"column":1}},"line":15},"3":{"name":"(anonymous_3)","decl":{"start":{"line":16,"column":23},"end":{"line":16,"column":24}},"loc":{"start":{"line":16,"column":35},"end":{"line":16,"column":65}},"line":16}},"branchMap":{"0":{"loc":{"start":{"line":2,"column":4},"end":{"line":4,"column":5}},"type":"if","locations":[{"start":{"line":2,"column":4},"end":{"line":4,"column":5}},{"start":{},"end":{}}],"line":2},"1":{"loc":{"start":{"line":5,"column":4},"end":{"line":7,"column":5}},"type":"if","locations":[{"start":{"line":5,"column":4},"end":{"line":7,"column":5}},{"start":{},"end":{}}],"line":5},"2":{"loc":{"start":{"line":16,"column":35},"end":{"line":16,"column":65}},"type":"cond-expr","locations":[{"start":{"line":16,"column":59},"end":{"line":16,"column":60}},{"start":{"line":16,"column":63},"end":{"line":16,"column":65}}],"line":16}},"s":{"0":3,"1":1,"2":2,"3":1,"4":1,"5":3,"6":1,"7":4},"f":{"0":3,"1":3,"2":1,"3":4},"b":{"0":[1,2],"1":[1,1],"2":[2,2]},"_coverageSchema":"1a1c01bbd47fc00a2c39e90264f33305004495a9","hash":"27d1915fa28a9723ecccca385e79069ab09f9971"}
}
